Y|Y|${HOME}|.zshrc|zsh oh-my-zsh-git
Y|Y|${HOME}/.config/Code/User|settings.json|visual-studio-code-bin
Y|Y|${HOME}/.config/Code - OSS/User|settings.json|code
Y|Y|${HOME}/.config|code-flags.conf|visual-studio-code-bin
Y|Y|${HOME}/.config|code-flags.conf|code
Y|Y|${HOME}/.config|spotify-flags.conf|spotify
Y|Y|${HOME}/.config|dunst|dunst
Y|Y|${HOME}/.config|starship.toml|starship
N|Y|${HOME}/.config|fish|fish
N|Y|${HOME}/.config|lsd|lsd
Y|Y|${HOME}/.config/hyde|wallbash|hyprland
Y|Y|${HOME}/.config/hypr|animations.conf hyprland.conf hyprlock.conf windowrules.conf themes hyprlock|hyprland
Y|Y|${HOME}/.config/hypr|keybindings.conf monitors.conf userprefs.conf|hyprland
Y|Y|${HOME}/.config/hypr|nvidia.conf|hyprland nvidia-utils
Y|Y|${HOME}/.local/share|bin|hyprland
Y|Y|${HOME}/.config/kitty|kitty.conf theme.conf|kitty
N|Y|${HOME}/.config/kitty|userprefs.conf|kitty
Y|Y|${HOME}/.config|Kvantum|kvantum
Y|Y|${HOME}/.config|MangoHud|mangohud
Y|Y|${HOME}/.config|fastfetch|fastfetch
Y|Y|${HOME}/.config|qt5ct|qt5ct
Y|Y|${HOME}/.config|qt6ct|qt6ct
Y|Y|${HOME}/.config|rofi|rofi
Y|Y|${HOME}/.config/waybar|modules config.jsonc style.css theme.css|waybar
Y|Y|${HOME}/.config/waybar|config.ctl|waybar
Y|Y|${HOME}/.config|wlogout|wlogout
Y|Y|${HOME}/.config|xsettingsd nwg-look gtk-3.0|nwg-look
Y|Y|${HOME}/.icons|default|nwg-look
Y|Y|${HOME}|.gtkrc-2.0|nwg-look
Y|Y|${HOME}/.config|dolphinrc kdeglobals|dolphin
N|Y|${HOME}/.config|baloofilerc|dolphin
Y|Y|${HOME}/.config/menus|applications.menu|dolphin
Y|Y|${HOME}/.local/share|dolphin|dolphin
Y|Y|${HOME}/.local/share/kxmlgui5|dolphin|dolphin
Y|Y|${HOME}/.local/share/kio/servicemenus|hydewallpaper.desktop|dolphin
Y|Y|${HOME}/.config|libinput-gestures.conf|libinput-gestures
